 
****************************************
Report : area
Design : top_router
Version: E-2010.12-SP5-2
Date   : Thu Jul  7 15:20:49 2016
****************************************

Library(s) Used:

    NangateOpenCellLibrary (File: /home/akommini/vlsix/lab3_partB1/router/NangateOpenCellLibrary_slow_ccs.db)

Number of ports:                          193
Number of nets:                          1364
Number of cells:                          687
Number of combinational cells:            468
Number of sequential cells:               194
Number of macros:                           0
Number of buf/inv:                        112
Number of references:                      42

Combinational area:       7097.678001
Noncombinational area:    6879.292152
Net Interconnect area:      undefined  (Wire load has zero net area)

Total cell area:          13976.970153
Total area:                 undefined
1
